SF:lib/src/test/feature/step/i_see_a_list_of_marvel_characters.dart
DA:4,1
DA:5,1
DA:8,2
LF:3
LH:3
end_of_record
SF:lib/src/feature_test_interceptor.dart
DA:9,1
DA:10,2
DA:13,1
DA:14,2
DA:17,1
DA:19,4
DA:20,0
DA:21,1
DA:23,4
DA:24,1
DA:25,2
DA:28,0
LF:12
LH:10
end_of_record
SF:lib/src/init_flow.dart
DA:6,1
DA:10,3
DA:11,2
DA:12,1
LF:4
LH:4
end_of_record
SF:lib/src/test_container.dart
DA:10,2
DA:13,1
DA:14,1
DA:15,1
DA:16,2
DA:18,2
DA:23,1
DA:24,1
DA:25,2
LF:9
LH:9
end_of_record
SF:lib/src/mock.dart
DA:6,1
DA:7,1
DA:8,8
LF:3
LH:3
end_of_record
